This is pdfTeX, Version 3.1415926-1.40.10 (TeX Live 2009/Debian) (format=latex 2012.6.8)  11 JUN 2012 22:40
entering extended mode
 %&-line parsing enabled.
**ucf-asv-2012
(./ucf-asv-2012.tex
LaTeX2e <2009/09/24>
Babel <v3.8l> and hyphenation patterns for english, usenglishmax, dumylang, noh
yphenation, loaded.
(./IEEEtran.cls
Document Class: IEEEtran 2007/03/05 V1.7a by Michael Shell
-- See the "IEEEtran_HOWTO" manual for usage information.
-- http://www.michaelshell.org/tex/ieeetran/
\@IEEEtrantmpdimenA=\dimen102
\@IEEEtrantmpdimenB=\dimen103
\@IEEEtrantmpcountA=\count79
\@IEEEtrantmpcountB=\count80
\@IEEEtrantmptoksA=\toks14
LaTeX Font Info:    Try loading font information for OT1+ptm on input line 366.

(/usr/share/texmf-texlive/tex/latex/psnfss/ot1ptm.fd
File: ot1ptm.fd 2001/06/04 font definitions for OT1/ptm.
)
-- Using 8.5in x 11in (letter) paper.
-- Using DVI output.
\@IEEEnormalsizeunitybaselineskip=\dimen104
-- This is a 12 point document.
\CLASSINFOnormalsizebaselineskip=\dimen105
\CLASSINFOnormalsizeunitybaselineskip=\dimen106
\IEEEnormaljot=\dimen107
** ATTENTION: Overriding inner side margin to 1in and outer side margin to 1in 
via \CLASSINPUT.
** ATTENTION: Overriding top text margin to 1in and bottom text margin to 1in v
ia \CLASSINPUT.
\IEEEilabelindentA=\dimen108
\IEEEilabelindentB=\dimen109
\IEEEilabelindent=\dimen110
\IEEEelabelindent=\dimen111
\IEEEdlabelindent=\dimen112
\IEEElabelindent=\dimen113
\IEEEiednormlabelsep=\dimen114
\IEEEiedmathlabelsep=\dimen115
\IEEEiedtopsep=\skip41
\c@section=\count81
\c@subsection=\count82
\c@subsubsection=\count83
\c@paragraph=\count84
\c@IEEEsubequation=\count85
\abovecaptionskip=\skip42
\belowcaptionskip=\skip43
\c@figure=\count86
\c@table=\count87
\@IEEEeqnnumcols=\count88
\@IEEEeqncolcnt=\count89
\@IEEEtmpitemindent=\dimen116
\c@IEEEbiography=\count90
\@IEEEtranrubishbin=\box26
) (/usr/share/texmf-texlive/tex/latex/graphics/graphicx.sty
Package: graphicx 1999/02/16 v1.0f Enhanced LaTeX Graphics (DPC,SPQR)

(/usr/share/texmf-texlive/tex/latex/graphics/keyval.sty
Package: keyval 1999/03/16 v1.13 key=value parser (DPC)
\KV@toks@=\toks15
)
(/usr/share/texmf-texlive/tex/latex/graphics/graphics.sty
Package: graphics 2009/02/05 v1.0o Standard LaTeX Graphics (DPC,SPQR)

(/usr/share/texmf-texlive/tex/latex/graphics/trig.sty
Package: trig 1999/03/16 v1.09 sin cos tan (DPC)
)
(/etc/texmf/tex/latex/config/graphics.cfg
File: graphics.cfg 2009/08/28 v1.8 graphics configuration of TeX Live
)
Package graphics Info: Driver file: dvips.def on input line 91.

(/usr/share/texmf-texlive/tex/latex/graphics/dvips.def
File: dvips.def 1999/02/16 v3.0i Driver-dependant file (DPC,SPQR)
))
\Gin@req@height=\dimen117
\Gin@req@width=\dimen118
)
(/usr/share/texmf-texlive/tex/latex/algorithms/algorithmic.sty
Package: algorithmic 2009/08/24 v0.1 Document Style `algorithmic'

(/usr/share/texmf-texlive/tex/latex/base/ifthen.sty
Package: ifthen 2001/05/26 v1.1c Standard LaTeX ifthen package (DPC)
)
\c@ALC@unique=\count91
\c@ALC@line=\count92
\c@ALC@rem=\count93
\c@ALC@depth=\count94
\ALC@tlm=\skip44
\algorithmicindent=\skip45
)
(/usr/share/texmf-texlive/tex/latex/fancyhdr/fancyheadings.sty
Package: fancyheadings 2008/02/04 1.99 Dummy package to call fancyhdr


Package fancyheadings Warning: Please stop using fancyheadings!
(fancyheadings)                Use fancyhdr instead.
(fancyheadings)                We will call fancyhdr with the very same
(fancyheadings)                options you passed to fancyheadings.
(fancyheadings)                
(fancyheadings)                fancyhdr is 99 percent compatible with
(fancyheadings)                fancyheadings. The only incompatibility is
(fancyheadings)                that \headrulewidth and \footrulewidth and
(fancyheadings)                their \plain... versions are no longer length
(fancyheadings)                parameters, but normal macros (to be changed
(fancyheadings)                with \renewcommand rather than \setlength)..

(/usr/share/texmf-texlive/tex/latex/fancyhdr/fancyhdr.sty
\fancy@headwidth=\skip46
\f@ncyO@elh=\skip47
\f@ncyO@erh=\skip48
\f@ncyO@olh=\skip49
\f@ncyO@orh=\skip50
\f@ncyO@elf=\skip51
\f@ncyO@erf=\skip52
\f@ncyO@olf=\skip53
\f@ncyO@orf=\skip54
))
(/usr/share/texmf-texlive/tex/generic/babel/babel.sty
Package: babel 2008/07/06 v3.8l The Babel package

(/usr/share/texmf-texlive/tex/generic/babel/english.ldf
Language: english 2005/03/30 v3.3o English support from the babel system

(/usr/share/texmf-texlive/tex/generic/babel/babel.def
File: babel.def 2008/07/06 v3.8l Babel common definitions
\babel@savecnt=\count95
\U@D=\dimen119
)
\l@british = a dialect from \language\l@english 
\l@UKenglish = a dialect from \language\l@english 
\l@canadian = a dialect from \language\l@american 
\l@australian = a dialect from \language\l@british 
\l@newzealand = a dialect from \language\l@british 
)) (./ucf-asv-2012.aux

LaTeX Warning: Label `fig:pontoon' multiply defined.


LaTeX Warning: Label `fig:frame' multiply defined.


LaTeX Warning: Label `fig:frame' multiply defined.

)
\openout1 = `ucf-asv-2012.aux'.

LaTeX Font Info:    Checking defaults for OML/cmm/m/it on input line 66.
LaTeX Font Info:    ... okay on input line 66.
LaTeX Font Info:    Checking defaults for T1/cmr/m/n on input line 66.
LaTeX Font Info:    ... okay on input line 66.
LaTeX Font Info:    Checking defaults for OT1/cmr/m/n on input line 66.
LaTeX Font Info:    ... okay on input line 66.
LaTeX Font Info:    Checking defaults for OMS/cmsy/m/n on input line 66.
LaTeX Font Info:    ... okay on input line 66.
LaTeX Font Info:    Checking defaults for OMX/cmex/m/n on input line 66.
LaTeX Font Info:    ... okay on input line 66.
LaTeX Font Info:    Checking defaults for U/cmr/m/n on input line 66.
LaTeX Font Info:    ... okay on input line 66.
File: whiterender.eps Graphic file (type eps)
 <whiterender.eps>
LaTeX Font Info:    Font shape `OT1/ptm/bx/n' in size <10> not available
(Font)              Font shape `OT1/ptm/b/n' tried instead on input line 79.
LaTeX Font Info:    Font shape `OT1/ptm/bx/it' in size <10> not available
(Font)              Font shape `OT1/ptm/b/it' tried instead on input line 79.
Missing character: There is no ‚ in font ptmb7t!
Missing character: There is no Ä in font ptmb7t!
Missing character: There is no ô in font ptmb7t!
Missing character: There is no ‚ in font ptmb7t!
Missing character: There is no Ä in font ptmb7t!
Missing character: There is no ô in font ptmb7t!
Missing character: There is no ‚ in font ptmr7t!
Missing character: There is no Ä in font ptmr7t!
Missing character: There is no ô in font ptmr7t!
 [1


]
File: images/pontoontrimetric.eps Graphic file (type eps)
 <images/pontoontrimetric.eps>
Missing character: There is no ‚ in font ptmr7t!
Missing character: There is no Ä in font ptmr7t!
Missing character: There is no ô in font ptmr7t!


Package Fancyhdr Warning: \headheight is too small (12.0pt): 
 Make it at least 13.91998pt.
 We now make it that large for the rest of the document.
 This may cause the page layout to be inconsistent, however.

[2]
File: images/pontoon-exploded.eps Graphic file (type eps)
 <images/pontoon-exploded.eps>
Underfull \hbox (badness 3219) in paragraph at lines 118--119
[]\OT1/ptm/m/n/12 A 1-inch square aluminum-tubing frame
 []

File: images/topviewframe.eps Graphic file (type eps)
<images/topviewframe.eps>

LaTeX Warning: `!h' float specifier changed to `!ht'.

Missing character: There is no ‚ in font ptmr7t!
Missing character: There is no Ä in font ptmr7t!
Missing character: There is no ô in font ptmr7t!
[3]
File: images/topviewmotorconfig.eps Graphic file (type eps)
 <images/topviewmotorconfig.eps>
Missing character: There is no ‚ in font ptmr7t!
Missing character: There is no Ä in font ptmr7t!
Missing character: There is no ô in font ptmr7t!
File: images/motor-beforeafter.eps Graphic file (type eps)
 <images/motor-beforeafter.eps>

LaTeX Warning: `!h' float specifier changed to `!ht'.

Missing character: There is no ‚ in font ptmr7t!
Missing character: There is no Ä in font ptmr7t!
Missing character: There is no ô in font ptmr7t!
Missing character: There is no ‚ in font ptmr7t!
Missing character: There is no Ä in font ptmr7t!
Missing character: There is no ô in font ptmr7t!
Missing character: There is no ‚ in font ptmr7t!
Missing character: There is no Ä in font ptmr7t!
Missing character: There is no ô in font ptmr7t!
Missing character: There is no ‚ in font ptmr7t!
Missing character: There is no Ä in font ptmr7t!
Missing character: There is no ô in font ptmr7t!
Missing character: There is no ‚ in font ptmr7t!
Missing character: There is no Ä in font ptmr7t!
Missing character: There is no ô in font ptmr7t!
[4]
File: images/powerthrustchart.eps Graphic file (type eps)
 <images/powerthrustchart.eps>
Missing character: There is no ‚ in font ptmr7t!
Missing character: There is no Ä in font ptmr7t!
Missing character: There is no ô in font ptmr7t!
LaTeX Font Info:    External font `cmex10' loaded for size
(Font)              <12> on input line 174.
LaTeX Font Info:    External font `cmex10' loaded for size
(Font)              <8> on input line 174.
LaTeX Font Info:    External font `cmex10' loaded for size
(Font)              <6> on input line 174.
File: images/pcb-picture.eps Graphic file (type eps)
 <images/pcb-picture.eps>
Missing character: There is no ‚ in font ptmr7t!
Missing character: There is no Ä in font ptmr7t!
Missing character: There is no ô in font ptmr7t!
Missing character: There is no ‚ in font ptmr7t!
Missing character: There is no Ä in font ptmr7t!
Missing character: There is no ô in font ptmr7t!
 [5]
File: images/powerdiagram.eps Graphic file (type eps)

<images/powerdiagram.eps> [6]
Missing character: There is no ‚ in font ptmr7t!
Missing character: There is no Ä in font ptmr7t!
Missing character: There is no ô in font ptmr7t!
Missing character: There is no ‚ in font ptmr7t!
Missing character: There is no Ä in font ptmr7t!
Missing character: There is no ô in font ptmr7t!
Missing character: There is no ‚ in font ptmr7t!
Missing character: There is no Ä in font ptmr7t!
Missing character: There is no ô in font ptmr7t!
File: images/motorconfigsoftware.eps Graphic file (type eps)
 <images/motorconfigsoftware.eps>
Underfull \hbox (badness 1460) in paragraph at lines 232--233
[]\OT1/ptm/m/n/12 Low level mo-tor con-trol re-quires mix-ing
 []

[7]
Missing character: There is no ‚ in font ptmr7t!
Missing character: There is no Ä in font ptmr7t!
Missing character: There is no ú in font ptmr7t!
Missing character: There is no ‚ in font ptmr7t!
Missing character: There is no Ä in font ptmr7t!
Missing character: There is no ù in font ptmr7t!
File: images/statemachinediagram.eps Graphic file (type eps)
 <images/statemachinediagram.eps>
File: images/3dlidarfront.eps Graphic file (type eps)
 <images/3dlidarfront.eps>
Missing character: There is no ‚ in font ptmr7t!
Missing character: There is no Ä in font ptmr7t!
Missing character: There is no ô in font ptmr7t!
Missing character: There is no ‚ in font ptmr7t!
Missing character: There is no Ä in font ptmr7t!
Missing character: There is no ô in font ptmr7t!
LaTeX Font Info:    External font `cmex10' loaded for size
(Font)              <9> on input line 278.
LaTeX Font Info:    External font `cmex10' loaded for size
(Font)              <5> on input line 278.
LaTeX Font Info:    Font shape `OT1/ptm/bx/n' in size <9> not available
(Font)              Font shape `OT1/ptm/b/n' tried instead on input line 280.

Overfull \hbox (35.85455pt too wide) in paragraph at lines 278--335
 [][] 
 []


** Conference Paper **
Before submitting the final camera ready copy, remember to:

 1. Manually equalize the lengths of two columns on the last page
 of your paper;

 2. Ensure that any PostScript and/or PDF output post-processing
 uses only Type 1 fonts and that every step in the generation
 process uses the appropriate paper size.

[8] [9] (./ucf-asv-2012.aux)

LaTeX Warning: There were multiply-defined labels.

 ) 
Here is how much of TeX's memory you used:
 1811 strings out of 495062
 26869 string characters out of 1182645
 98201 words of memory out of 3000000
 4997 multiletter control sequences out of 15000+50000
 13763 words of font info for 38 fonts, out of 3000000 for 9000
 31 hyphenation exceptions out of 8191
 28i,10n,45p,1417b,291s stack positions out of 5000i,500n,10000p,200000b,50000s

Output written on ucf-asv-2012.dvi (9 pages, 40960 bytes).
